[10/04/2023 12:56:01] [usuario] SELECT*FROM usuarios WHERE nombreUsuario = 'usuario' AND claveUsuario = SHA2('usuario',256);
[10/04/2023 12:56:33] [usuario] 
[10/04/2023 13:32:29] [admin] SELECT*FROM usuarios WHERE nombreUsuario = 'admin' AND claveUsuario = SHA2('admin',256);
[10/04/2023 13:32:53] [admin] 
[10/04/2023 13:33:09] [admin] SELECT idCliente, nombreCliente, dniCliente, telefonoCliente FROM clientes;
[10/04/2023 13:33:22] [admin] UPDATE clientes SET nombreCliente ='Marcos', dniCliente ='12345678a', telefonoCliente = '622444555' WHERE idCliente=76;
[10/04/2023 13:36:48] [admin] SELECT*FROM usuarios WHERE nombreUsuario = 'admin' AND claveUsuario = SHA2('admin',256);
[10/04/2023 13:36:54] [admin] INSERT INTO articulos VALUES (null, 'a', 'a', '2');
[12/04/2023 08:06:08] [admin] SELECT*FROM usuarios WHERE nombreUsuario = 'admin' AND claveUsuario = SHA2('admin',256);
[12/04/2023 08:06:24] [admin] 
[12/04/2023 08:06:30] [admin] SELECT idCliente, nombreCliente, dniCliente, telefonoCliente FROM clientes;
[12/04/2023 08:06:40] [admin] UPDATE clientes SET nombreCliente ='eva', dniCliente ='12345679a', telefonoCliente = '123456789' WHERE idCliente=102;
[12/04/2023 08:06:46] [admin] DELETE FROM clientes WHERE idCliente=102
[12/04/2023 08:52:45] [admin] SELECT*FROM usuarios WHERE nombreUsuario = 'admin' AND claveUsuario = SHA2('admin',256);
[12/04/2023 08:53:03] [admin] INSERT INTO clientes VALUES (null, 'lara', '12345678a', '111222333');
[12/04/2023 08:53:07] [admin] INSERT INTO clientes VALUES (null, 'lara', '12345678m', '111222333');
[19/05/2023 12:47:54] [admin] SELECT*FROM usuarios WHERE nombreUsuario = 'admin' AND claveUsuario = SHA2('admin',256);
[19/05/2023 12:47:58] [admin] SELECT idCliente, nombreCliente, dniCliente, telefonoCliente FROM clientes;
[19/05/2023 13:40:28] [admin] SELECT*FROM usuarios WHERE nombreUsuario = 'admin' AND claveUsuario = SHA2('admin',256);
[19/05/2023 13:40:31] [admin] SELECT idCliente, nombreCliente, dniCliente, telefonoCliente FROM clientes;
[19/05/2023 14:19:16] [admin] SELECT*FROM usuarios WHERE nombreUsuario = 'admin' AND claveUsuario = SHA2('admin',256);
[19/05/2023 14:19:18] [admin] SELECT idCliente, nombreCliente, dniCliente, telefonoCliente FROM clientes;
[19/05/2023 14:21:04] [admin] SELECT*FROM usuarios WHERE nombreUsuario = 'admin' AND claveUsuario = SHA2('admin',256);
[19/05/2023 14:21:09] [admin] SELECT idCliente, nombreCliente, dniCliente, telefonoCliente FROM clientes;
[19/05/2023 14:22:03] [admin] SELECT*FROM usuarios WHERE nombreUsuario = 'admin' AND claveUsuario = SHA2('admin',256);
[19/05/2023 14:22:05] [admin] SELECT idCliente, nombreCliente, dniCliente, telefonoCliente FROM clientes;
[19/05/2023 14:27:02] [admin] SELECT*FROM usuarios WHERE nombreUsuario = 'admin' AND claveUsuario = SHA2('admin',256);
[19/05/2023 14:27:04] [admin] SELECT idCliente, nombreCliente, dniCliente, telefonoCliente FROM clientes;
[19/05/2023 14:34:59] [admin] SELECT*FROM usuarios WHERE nombreUsuario = 'admin' AND claveUsuario = SHA2('admin',256);
[19/05/2023 14:35:02] [admin] SELECT idCliente, nombreCliente, dniCliente, telefonoCliente FROM clientes;
[19/05/2023 14:35:54] [admin] SELECT*FROM usuarios WHERE nombreUsuario = 'admin' AND claveUsuario = SHA2('admin',256);
[19/05/2023 14:35:56] [admin] SELECT idCliente, nombreCliente, dniCliente, telefonoCliente FROM clientes;
[19/05/2023 14:36:19] [admin] SELECT*FROM usuarios WHERE nombreUsuario = 'admin' AND claveUsuario = SHA2('admin',256);
[19/05/2023 14:36:21] [admin] SELECT idCliente, nombreCliente, dniCliente, telefonoCliente FROM clientes;
[19/05/2023 14:39:29] [admin] SELECT*FROM usuarios WHERE nombreUsuario = 'admin' AND claveUsuario = SHA2('admin',256);
[19/05/2023 14:39:31] [admin] SELECT idCliente, nombreCliente, dniCliente, telefonoCliente FROM clientes;
[19/05/2023 14:41:50] [admin] SELECT*FROM usuarios WHERE nombreUsuario = 'admin' AND claveUsuario = SHA2('admin',256);
[19/05/2023 14:41:52] [admin] SELECT idCliente, nombreCliente, dniCliente, telefonoCliente FROM clientes;
[19/05/2023 14:43:47] [admin] SELECT*FROM usuarios WHERE nombreUsuario = 'admin' AND claveUsuario = SHA2('admin',256);
[19/05/2023 14:43:49] [admin] SELECT idCliente, nombreCliente, dniCliente, telefonoCliente FROM clientes;
[19/05/2023 14:45:16] [admin] SELECT*FROM usuarios WHERE nombreUsuario = 'admin' AND claveUsuario = SHA2('admin',256);
[19/05/2023 14:45:19] [admin] SELECT idCliente, nombreCliente, dniCliente, telefonoCliente FROM clientes;
[19/05/2023 14:46:09] [admin] SELECT idCliente, nombreCliente, dniCliente, telefonoCliente FROM clientes;
[19/05/2023 14:46:50] [admin] SELECT*FROM usuarios WHERE nombreUsuario = 'admin' AND claveUsuario = SHA2('admin',256);
[19/05/2023 14:46:52] [admin] SELECT idCliente, nombreCliente, dniCliente, telefonoCliente FROM clientes;
[19/05/2023 14:47:17] [admin] SELECT*FROM usuarios WHERE nombreUsuario = 'admin' AND claveUsuario = SHA2('admin',256);
[19/05/2023 14:47:18] [admin] SELECT idCliente, nombreCliente, dniCliente, telefonoCliente FROM clientes;
[19/05/2023 14:48:06] [admin] SELECT*FROM usuarios WHERE nombreUsuario = 'admin' AND claveUsuario = SHA2('admin',256);
[19/05/2023 14:48:08] [admin] SELECT idCliente, nombreCliente, dniCliente, telefonoCliente FROM clientes;
[19/05/2023 14:48:30] [admin] SELECT*FROM usuarios WHERE nombreUsuario = 'admin' AND claveUsuario = SHA2('admin',256);
[19/05/2023 14:48:32] [admin] SELECT idCliente, nombreCliente, dniCliente, telefonoCliente FROM clientes;
[19/05/2023 14:48:55] [admin] SELECT*FROM usuarios WHERE nombreUsuario = 'admin' AND claveUsuario = SHA2('admin',256);
[19/05/2023 14:48:57] [admin] SELECT idCliente, nombreCliente, dniCliente, telefonoCliente FROM clientes;
[19/05/2023 14:49:26] [admin] SELECT*FROM usuarios WHERE nombreUsuario = 'admin' AND claveUsuario = SHA2('admin',256);
[19/05/2023 14:49:27] [admin] SELECT idCliente, nombreCliente, dniCliente, telefonoCliente FROM clientes;
[19/05/2023 14:49:59] [admin] SELECT*FROM usuarios WHERE nombreUsuario = 'admin' AND claveUsuario = SHA2('admin',256);
[19/05/2023 14:50:01] [admin] SELECT idCliente, nombreCliente, dniCliente, telefonoCliente FROM clientes;
[19/05/2023 14:50:21] [admin] SELECT*FROM usuarios WHERE nombreUsuario = 'admin' AND claveUsuario = SHA2('admin',256);
[19/05/2023 14:50:23] [admin] SELECT idCliente, nombreCliente, dniCliente, telefonoCliente FROM clientes;
[19/05/2023 14:50:44] [admin] SELECT*FROM usuarios WHERE nombreUsuario = 'admin' AND claveUsuario = SHA2('admin',256);
[19/05/2023 14:50:46] [admin] SELECT idCliente, nombreCliente, dniCliente, telefonoCliente FROM clientes;
[19/05/2023 14:51:02] [admin] SELECT*FROM usuarios WHERE nombreUsuario = 'admin' AND claveUsuario = SHA2('admin',256);
[19/05/2023 14:51:04] [admin] SELECT idCliente, nombreCliente, dniCliente, telefonoCliente FROM clientes;
[19/05/2023 14:51:32] [admin] SELECT*FROM usuarios WHERE nombreUsuario = 'admin' AND claveUsuario = SHA2('admin',256);
[19/05/2023 14:51:34] [admin] SELECT idCliente, nombreCliente, dniCliente, telefonoCliente FROM clientes;
[19/05/2023 14:52:06] [admin] SELECT*FROM usuarios WHERE nombreUsuario = 'admin' AND claveUsuario = SHA2('admidn',256);
[19/05/2023 14:52:14] [admin] SELECT*FROM usuarios WHERE nombreUsuario = 'admin' AND claveUsuario = SHA2('admin',256);
[19/05/2023 14:52:16] [admin] SELECT idCliente, nombreCliente, dniCliente, telefonoCliente FROM clientes;
[19/05/2023 14:52:34] [admin] SELECT*FROM usuarios WHERE nombreUsuario = 'admin' AND claveUsuario = SHA2('admin',256);
[19/05/2023 14:52:36] [admin] SELECT idCliente, nombreCliente, dniCliente, telefonoCliente FROM clientes;
[19/05/2023 14:52:53] [admin] SELECT*FROM usuarios WHERE nombreUsuario = 'admin' AND claveUsuario = SHA2('admin',256);
[19/05/2023 14:52:55] [admin] SELECT idCliente, nombreCliente, dniCliente, telefonoCliente FROM clientes;
[19/05/2023 14:53:14] [admin] SELECT*FROM usuarios WHERE nombreUsuario = 'admin' AND claveUsuario = SHA2('admin',256);
[19/05/2023 14:53:15] [admin] SELECT idCliente, nombreCliente, dniCliente, telefonoCliente FROM clientes;
[19/05/2023 14:53:36] [admin] SELECT*FROM usuarios WHERE nombreUsuario = 'admin' AND claveUsuario = SHA2('admin',256);
[19/05/2023 14:53:40] [admin] SELECT idCliente, nombreCliente, dniCliente, telefonoCliente FROM clientes;
[19/05/2023 16:52:55] [admin] SELECT*FROM usuarios WHERE nombreUsuario = 'admin' AND claveUsuario = SHA2('admin',256);
[19/05/2023 16:52:57] [admin] SELECT idCliente, nombreCliente, dniCliente, telefonoCliente FROM clientes;
[19/05/2023 16:54:06] [admin] SELECT*FROM usuarios WHERE nombreUsuario = 'admin' AND claveUsuario = SHA2('admin',256);
[19/05/2023 16:54:09] [admin] SELECT idCliente, nombreCliente, dniCliente, telefonoCliente FROM clientes;
[19/05/2023 17:44:17] [admin] SELECT*FROM usuarios WHERE nombreUsuario = 'admin' AND claveUsuario = SHA2('admin',256);
[19/05/2023 17:44:19] [admin] SELECT idCliente, nombreCliente, dniCliente, telefonoCliente FROM clientes;
[19/05/2023 17:46:10] [admin] SELECT*FROM usuarios WHERE nombreUsuario = 'admin' AND claveUsuario = SHA2('admin',256);
[19/05/2023 17:46:14] [admin] SELECT idCliente, nombreCliente, dniCliente, telefonoCliente FROM clientes;
[19/05/2023 17:48:26] [admin] SELECT*FROM usuarios WHERE nombreUsuario = 'admin' AND claveUsuario = SHA2('admin',256);
[19/05/2023 17:48:28] [admin] SELECT idCliente, nombreCliente, dniCliente, telefonoCliente FROM clientes;
[19/05/2023 17:49:20] [admin] SELECT*FROM usuarios WHERE nombreUsuario = 'admin' AND claveUsuario = SHA2('admin',256);
[19/05/2023 17:49:21] [admin] SELECT idCliente, nombreCliente, dniCliente, telefonoCliente FROM clientes;
[19/05/2023 17:54:56] [admin] SELECT*FROM usuarios WHERE nombreUsuario = 'admin' AND claveUsuario = SHA2('admin',256);
[19/05/2023 17:55:00] [admin] SELECT idCliente, nombreCliente, dniCliente, telefonoCliente FROM clientes;
[19/05/2023 17:56:01] [admin] SELECT*FROM usuarios WHERE nombreUsuario = 'admin' AND claveUsuario = SHA2('admin',256);
[19/05/2023 17:56:03] [admin] SELECT idCliente, nombreCliente, dniCliente, telefonoCliente FROM clientes;
[19/05/2023 17:57:15] [admin] SELECT*FROM usuarios WHERE nombreUsuario = 'admin' AND claveUsuario = SHA2('admin',256);
[19/05/2023 17:57:17] [admin] SELECT idCliente, nombreCliente, dniCliente, telefonoCliente FROM clientes;
[19/05/2023 17:58:31] [admin] SELECT*FROM usuarios WHERE nombreUsuario = 'admin' AND claveUsuario = SHA2('admin',256);
[19/05/2023 17:58:33] [admin] SELECT idCliente, nombreCliente, dniCliente, telefonoCliente FROM clientes;
[19/05/2023 17:59:46] [admin] SELECT*FROM usuarios WHERE nombreUsuario = 'admin' AND claveUsuario = SHA2('admin',256);
[19/05/2023 17:59:50] [admin] SELECT idCliente, nombreCliente, dniCliente, telefonoCliente FROM clientes;
[19/05/2023 18:08:35] [admin] SELECT*FROM usuarios WHERE nombreUsuario = 'admin' AND claveUsuario = SHA2('admin',256);
[19/05/2023 18:08:38] [admin] SELECT idArticulo, descripcionArticulo, marcaArticulo, precioArticulo FROM articulos;
[19/05/2023 18:11:22] [admin] SELECT*FROM usuarios WHERE nombreUsuario = 'admin' AND claveUsuario = SHA2('admin',256);
[19/05/2023 18:11:24] [admin] SELECT idArticulo, descripcionArticulo, marcaArticulo, precioArticulo FROM articulos;
[19/05/2023 18:12:15] [admin] SELECT*FROM usuarios WHERE nombreUsuario = 'admin' AND claveUsuario = SHA2('admin',256);
[19/05/2023 18:12:18] [admin] SELECT idCliente, nombreCliente, dniCliente, telefonoCliente FROM clientes;
[19/05/2023 18:12:36] [admin] SELECT idArticulo, descripcionArticulo, marcaArticulo, precioArticulo FROM articulos;
[22/05/2023 13:39:50] [usuario] SELECT*FROM usuarios WHERE nombreUsuario = 'usuario' AND claveUsuario = SHA2('usuario',256);
[22/05/2023 21:12:28] [admin] SELECT*FROM usuarios WHERE nombreUsuario = 'admin' AND claveUsuario = SHA2('admin',256);
[22/05/2023 21:12:39] [admin] SELECT idArticulo, descripcionArticulo, marcaArticulo, precioArticulo FROM articulos;
[24/05/2023 11:34:29] [admin] SELECT*FROM usuarios WHERE nombreUsuario = 'admin' AND claveUsuario = SHA2('admin',256);
[24/05/2023 12:01:32] [admin] SELECT*FROM usuarios WHERE nombreUsuario = 'admin' AND claveUsuario = SHA2('admin',256);
[24/05/2023 13:09:36] [null] INSERT INTO facturas VALUES (null, '09/28/2023', 'efectivo', '76');
[24/05/2023 13:13:18] [null] INSERT INTO facturas VALUES (null, '2023/01/12', 'efectivo', '76');
[24/05/2023 13:21:22] [null] INSERT INTO facturas VALUES (null, 'Wed Jan 12 00:00:00 CET 2022', 'efec', '76');
[24/05/2023 13:30:19] [null] INSERT INTO facturas VALUES (null, 'Wed May 24 00:00:00 CEST 2023', 'efectivo', '76');
[24/05/2023 13:33:42] [null] INSERT INTO facturas VALUES (null, 'Wed May 24 00:00:00 CEST 2023', 'efec', null, '76');
[24/05/2023 13:36:07] [null] INSERT INTO facturas VALUES (null, '2023/05/24', 'efect', null, '76');
[24/05/2023 13:40:36] [null] INSERT INTO facturas VALUES (null, '2023/04/22', 'tarjeta', null, '104');
[24/05/2023 13:43:08] [null] INSERT INTO facturas VALUES (null, '2023/05/20', 'contado', null, '104');
[24/05/2023 13:43:17] [null] INSERT INTO facturas VALUES (null, '2022/05/20', 'contado', null, '104');
[24/05/2023 13:43:55] [null] INSERT INTO facturas VALUES (null, '2022/06/20', 'contado', null, '104');
[24/05/2023 14:06:00] [null] INSERT INTO facturas VALUES (null, '2022/02/22', 'tarjeta', null, '76');
[24/05/2023 14:19:52] [null] INSERT INTO facturas VALUES (null, '2022/03/22', 'cantai', null, '76');
[24/05/2023 15:02:32] [null] INSERT INTO facturas VALUES (null, '2022/06/23', 'cont', null, '76');
[24/05/2023 15:04:27] [null] INSERT INTO facturas VALUES (null, '2021/04/03', 'efectivo', null, '104');
[24/05/2023 15:15:12] [null] INSERT INTO facturas VALUES (null, '2023/05/05', 'contado', null, '76');
[24/05/2023 15:19:55] [null] INSERT INTO facturas VALUES (null, '2022/04/23', 'efec', null, '76');
[24/05/2023 15:21:39] [null] INSERT INTO facturas VALUES (null, '2021/01/11', 'efec', null, '76');
[24/05/2023 15:27:35] [null] INSERT INTO facturas VALUES (null, '2021/02/22', 'efe', null, '104');
[24/05/2023 15:31:17] [null] INSERT INTO facturas VALUES (null, '2022/05/05', 'efect', null, '76');
[24/05/2023 15:33:46] [null] INSERT INTO facturas VALUES (null, '2023/02/12', 'efectivo', null, '76');
[24/05/2023 15:34:28] [null] INSERT INTO facturas VALUES (null, '2021/01/11', 'w', null, '76');
[24/05/2023 15:35:18] [null] INSERT INTO facturas VALUES (null, '2022/09/22', 'efec', null, '76');
[24/05/2023 15:56:50] [null] INSERT INTO facturas VALUES (null, '2021/01/21', 'efec', null, '76');
[24/05/2023 16:04:59] [null] INSERT INTO facturas VALUES (null, '2021/01/22', 'eve', null, '76');
[24/05/2023 16:14:05] [null] INSERT INTO facturas VALUES (null, '2021/01/22', 'efec', null, '76');
[24/05/2023 16:19:49] [null] INSERT INTO facturas VALUES (null, '2023/10/15', 'contado', null, '76');
[24/05/2023 16:21:23] [null] INSERT INTO facturas VALUES (null, '2023/08/12', 'e', null, '104');
[24/05/2023 16:22:49] [null] INSERT INTO facturas VALUES (null, '2023/08/12', 'e', null, '76');
[24/05/2023 16:25:38] [null] INSERT INTO facturas VALUES (null, '2023/08/12', 'c', null, '104');
[24/05/2023 16:27:18] [null] INSERT INTO facturas VALUES (null, '2023/08/12', 'h', null, '76');
[24/05/2023 16:28:06] [null] INSERT INTO facturas VALUES (null, '2023/08/12', 'e', null, '76');
[24/05/2023 16:29:17] [null] INSERT INTO facturas VALUES (null, '2023/08/12', 'e', null, '76');
[24/05/2023 16:30:42] [null] INSERT INTO facturas VALUES (null, '2023/08/12', 'e', null, '76');
[24/05/2023 16:32:31] [null] INSERT INTO facturas VALUES (null, '2023/08/12', 'w', null, '76');
[24/05/2023 17:02:00] [null] INSERT INTO facturas VALUES (null, '2023/02/20', 'con', null, '76');
[24/05/2023 17:02:06] [null] INSERT INTO facturas VALUES (null, '2023/02/20', 'con', null, '76');
[24/05/2023 17:04:51] [null] INSERT INTO facturas VALUES (null, '2023/02/10', 'efect', null, '76');
[24/05/2023 17:06:06] [null] INSERT INTO facturas VALUES (null, '2022/02/28', 'efe', null, '76');
[24/05/2023 17:27:16] [null] INSERT INTO facturas VALUES (null, '2023/01/01', 'cin', null, '104');
[24/05/2023 17:27:22] [null] INSERT INTO facturas VALUES (null, '2023/01/01', 'cin', null, '104');
[24/05/2023 18:06:26] [null] INSERT INTO facturas VALUES (null, '2021/01/20', 'efectivo', null, '76');
[24/05/2023 18:14:25] [null] INSERT INTO facturas VALUES (null, '2021/01/20', 'efectivo', null, '76');
[24/05/2023 18:15:07] [null] INSERT INTO facturas VALUES (null, '2021/04/02', 'ef', null, '76');
[24/05/2023 18:17:21] [null] INSERT INTO facturas VALUES (null, '2023/01/20', 'efectivo', null, '76');
[24/05/2023 18:43:21] [null] INSERT INTO facturas VALUES (null, '2011/05/03', 'e', null, '76');
[24/05/2023 18:50:02] [null] INSERT INTO facturas VALUES (null, '2021/08/23', 'e', null, '76');
[24/05/2023 18:52:34] [null] INSERT INTO facturas VALUES (null, '2022/03/20', 'e', null, '76');
[24/05/2023 18:53:56] [null] INSERT INTO facturas VALUES (null, '2023/04/02', 'e', null, '76');
[24/05/2023 18:54:00] [null] INSERT INTO historico VALUES (null, 1, 43, 45);
[24/05/2023 19:04:59] [null] INSERT INTO facturas VALUES (null, '2022/10/08', 'ee', null, '76');
[24/05/2023 19:05:04] [null] INSERT INTO historico VALUES (null, 2, 44, 45);
[24/05/2023 19:05:13] [null] INSERT INTO historico VALUES (null, 1, 44, 54);
[25/05/2023 10:35:25] [null] INSERT INTO facturas VALUES (null, '2020/02/22', 'efe', null, '76');
[25/05/2023 10:36:13] [null] INSERT INTO historico VALUES (null, 2, 45, 54);
[25/05/2023 10:42:11] [null] INSERT INTO facturas VALUES (null, '2000/05/05', 'efect', null, '76');
[25/05/2023 10:42:23] [null] INSERT INTO historico VALUES (null, 1, 46, 45);
[25/05/2023 10:42:29] [null] INSERT INTO historico VALUES (null, 2, 46, 54);
[25/05/2023 10:42:45] [null] INSERT INTO historico VALUES (null, 2, 46, 45);
[25/05/2023 10:45:14] [null] INSERT INTO facturas VALUES (null, '2021/02/22', 'w', null, '76');
[25/05/2023 10:45:19] [null] INSERT INTO historico VALUES (null, 2, 47, 45);
[25/05/2023 10:45:23] [null] INSERT INTO historico VALUES (null, 5, 47, 45);
[25/05/2023 10:45:42] [null] INSERT INTO historico VALUES (null, 2, 47, 54);
[25/05/2023 10:45:46] [null] INSERT INTO historico VALUES (null, 5, 47, 45);
[25/05/2023 10:56:05] [null] INSERT INTO facturas VALUES (null, '2021/03/03', 'efectivo', null, '76');
[25/05/2023 10:57:14] [null] INSERT INTO facturas VALUES (null, '2021/05/21', 'efectivo', null, '76');
[25/05/2023 10:57:20] [null] INSERT INTO historico VALUES (null, 1, 49, 45);
[25/05/2023 11:04:14] [null] INSERT INTO facturas VALUES (null, '2021/02/02', 'efectivo', null, '76');
[25/05/2023 11:04:28] [null] INSERT INTO historico VALUES (null, 2, 50, 63);
[25/05/2023 11:04:29] [null] INSERT INTO historico VALUES (null, 2, 50, 63);
[25/05/2023 11:04:31] [null] INSERT INTO historico VALUES (null, 2, 50, 63);
[25/05/2023 11:06:47] [null] INSERT INTO facturas VALUES (null, '2023/02/02', 'efectivo', null, '76');
[25/05/2023 11:06:53] [null] INSERT INTO historico VALUES (null, 2, 51, 63);
[25/05/2023 11:21:17] [null] INSERT INTO facturas VALUES (null, '2020/02/02', 'e', null, '76');
[25/05/2023 11:21:21] [null] INSERT INTO historico VALUES (null, 1, 52, 45);
[25/05/2023 11:24:56] [null] INSERT INTO facturas VALUES (null, '2022/03/20', 'e', null, '76');
[25/05/2023 11:26:20] [null] INSERT INTO facturas VALUES (null, '2021/02/11', 'w', null, '76');
[25/05/2023 11:28:22] [null] INSERT INTO facturas VALUES (null, '2021/10/01', 'e', null, '76');
[25/05/2023 11:28:38] [null] INSERT INTO historico VALUES (null, 2, 55, 61);
[25/05/2023 11:29:07] [null] INSERT INTO historico VALUES (null, 2, 55, 62);
[25/05/2023 11:31:46] [null] INSERT INTO facturas VALUES (null, '2023/02/20', 'ef', null, '104');
[25/05/2023 11:31:51] [null] INSERT INTO historico VALUES (null, 1, 56, 61);
[25/05/2023 11:31:57] [null] INSERT INTO historico VALUES (null, 2, 56, 62);
[25/05/2023 11:32:04] [null] INSERT INTO historico VALUES (null, 2, 56, 63);
[25/05/2023 11:32:15] [null] INSERT INTO historico VALUES (null, 1, 56, 45);
[25/05/2023 11:34:53] [null] INSERT INTO facturas VALUES (null, '2021/02/02', 'e', null, '76');
[25/05/2023 11:34:58] [null] INSERT INTO historico VALUES (null, 1, 57, 45);
[25/05/2023 11:36:41] [null] INSERT INTO facturas VALUES (null, '2022/02/02', 'efef', null, '76');
[25/05/2023 11:36:48] [null] INSERT INTO historico VALUES (null, 1, 58, 61);
[25/05/2023 11:37:37] [null] INSERT INTO facturas VALUES (null, '2022/20/20', 'c', null, '76');
[25/05/2023 11:37:41] [null] INSERT INTO facturas VALUES (null, '2022/20/20', 'c', null, '76');
[25/05/2023 11:37:55] [null] INSERT INTO facturas VALUES (null, '2022/02/20', 'c', null, '76');
[25/05/2023 11:37:59] [null] INSERT INTO historico VALUES (null, 1, 59, 45);
[25/05/2023 11:38:04] [null] INSERT INTO historico VALUES (null, 1, 59, 61);
[25/05/2023 11:53:15] [null] INSERT INTO facturas VALUES (null, '2023/03/02', 'e', null, '104');
[25/05/2023 11:53:19] [null] INSERT INTO historico VALUES (null, 1, 60, 45);
[25/05/2023 11:54:10] [null] INSERT INTO facturas VALUES (null, '2022/02/22', 'f', null, '104');
[25/05/2023 11:54:14] [null] INSERT INTO historico VALUES (null, 1, 61, 61);
[25/05/2023 11:55:48] [null] INSERT INTO facturas VALUES (null, '2022/02/30', 'cont', null, '76');
[25/05/2023 11:55:58] [null] INSERT INTO facturas VALUES (null, '2022/02/20', 'cont', null, '76');
[25/05/2023 11:56:02] [null] INSERT INTO historico VALUES (null, 1, 62, 45);
[25/05/2023 12:03:32] [null] INSERT INTO facturas VALUES (null, '2022/02/20', 'efectivo', null, '104');
[25/05/2023 12:03:38] [null] INSERT INTO historico VALUES (null, 1, 63, 61);
[25/05/2023 12:03:54] [null] INSERT INTO historico VALUES (null, 1, 63, 45);
[25/05/2023 12:06:04] [null] INSERT INTO facturas VALUES (null, '2022/02/22', 'w', null, '76');
[25/05/2023 12:06:09] [null] INSERT INTO historico VALUES (null, 1, 64, 45);
[25/05/2023 12:06:14] [null] INSERT INTO historico VALUES (null, 1, 64, 45);
[25/05/2023 12:06:15] [null] INSERT INTO historico VALUES (null, 1, 64, 45);
[25/05/2023 12:06:15] [null] INSERT INTO historico VALUES (null, 1, 64, 45);
[25/05/2023 12:06:16] [null] INSERT INTO historico VALUES (null, 1, 64, 45);
[25/05/2023 12:06:17] [null] INSERT INTO historico VALUES (null, 1, 64, 45);
[25/05/2023 12:06:19] [null] INSERT INTO historico VALUES (null, 1, 64, 45);
[25/05/2023 12:13:43] [null] INSERT INTO facturas VALUES (null, '2022/02/02', 'a', null, '76');
[25/05/2023 12:13:48] [null] INSERT INTO historico VALUES (null, 1, 65, 62);
[25/05/2023 12:13:56] [null] INSERT INTO historico VALUES (null, 1, 65, 61);
[25/05/2023 12:14:08] [null] INSERT INTO historico VALUES (null, 1, 65, 62);
[25/05/2023 12:15:38] [null] INSERT INTO facturas VALUES (null, '2022/02/20', 'a', null, '76');
[25/05/2023 12:15:43] [null] INSERT INTO historico VALUES (null, 1, 66, 45);
[25/05/2023 12:15:46] [null] INSERT INTO historico VALUES (null, 1, 66, 61);
[25/05/2023 12:15:55] [null] INSERT INTO historico VALUES (null, 1, 66, 63);
[25/05/2023 12:22:47] [null] INSERT INTO facturas VALUES (null, '2022/02/20', 'a', null, '76');
[25/05/2023 12:22:53] [null] INSERT INTO historico VALUES (null, 1, 67, 45);
[25/05/2023 12:23:00] [null] INSERT INTO historico VALUES (null, 2, 67, 63);
[25/05/2023 12:29:59] [null] INSERT INTO facturas VALUES (null, '2022/02/20', 'w', null, '76');
[25/05/2023 12:30:04] [null] INSERT INTO historico VALUES (null, 1, 68, 45);
[25/05/2023 12:30:10] [null] INSERT INTO historico VALUES (null, 2, 68, 61);
[25/05/2023 12:31:25] [null] INSERT INTO facturas VALUES (null, '2022/01/01', 'e', null, '76');
[25/05/2023 12:31:29] [null] INSERT INTO historico VALUES (null, 1, 69, 45);
[25/05/2023 12:31:34] [null] INSERT INTO historico VALUES (null, 1, 69, 61);
[25/05/2023 12:34:02] [null] INSERT INTO facturas VALUES (null, '2022/09/09', 'e', null, '76');
[25/05/2023 12:34:07] [null] INSERT INTO historico VALUES (null, 1, 70, 45);
[25/05/2023 12:34:11] [null] INSERT INTO historico VALUES (null, 1, 70, 61);
[25/05/2023 12:49:40] [null] INSERT INTO facturas VALUES (null, '2021/02/20', 'e', null, '76');
[25/05/2023 12:49:44] [null] INSERT INTO historico VALUES (null, 1, 71, 45);
[25/05/2023 12:49:52] [null] INSERT INTO historico VALUES (null, 1, 71, 61);
[25/05/2023 12:49:54] [null] INSERT INTO historico VALUES (null, 1, 71, 61);
[25/05/2023 12:49:55] [null] INSERT INTO historico VALUES (null, 1, 71, 61);
[25/05/2023 12:49:55] [null] INSERT INTO historico VALUES (null, 1, 71, 61);
[25/05/2023 12:49:56] [null] INSERT INTO historico VALUES (null, 1, 71, 61);
[25/05/2023 12:49:56] [null] INSERT INTO historico VALUES (null, 1, 71, 61);
[25/05/2023 12:49:56] [null] INSERT INTO historico VALUES (null, 1, 71, 61);
[25/05/2023 12:52:21] [null] INSERT INTO facturas VALUES (null, '2021/01/01', 'efec', null, '76');
[25/05/2023 12:52:26] [null] INSERT INTO historico VALUES (null, 1, 72, 45);
[25/05/2023 12:52:30] [null] INSERT INTO historico VALUES (null, 1, 72, 61);
[25/05/2023 13:08:01] [null] INSERT INTO facturas VALUES (null, '2022/01/01', 'EF', null, '76');
[25/05/2023 13:08:05] [null] INSERT INTO historico VALUES (null, 1, 73, 45);
[25/05/2023 13:08:13] [null] INSERT INTO historico VALUES (null, 2, 73, 45);
[25/05/2023 13:08:31] [null] INSERT INTO historico VALUES (null, 1, 73, 45);
[25/05/2023 13:09:24] [null] INSERT INTO facturas VALUES (null, '2022/02/02', 'E', null, '76');
[25/05/2023 13:09:31] [null] INSERT INTO historico VALUES (null, 1, 74, 45);
[25/05/2023 13:09:38] [null] INSERT INTO historico VALUES (null, 1, 74, 61);
[25/05/2023 13:09:40] [null] INSERT INTO historico VALUES (null, 1, 74, 61);
[25/05/2023 13:09:41] [null] INSERT INTO historico VALUES (null, 1, 74, 61);
[25/05/2023 13:09:42] [null] INSERT INTO historico VALUES (null, 1, 74, 61);
[25/05/2023 13:09:42] [null] INSERT INTO historico VALUES (null, 1, 74, 61);
[25/05/2023 13:09:42] [null] INSERT INTO historico VALUES (null, 1, 74, 61);
[25/05/2023 13:09:42] [null] INSERT INTO historico VALUES (null, 1, 74, 61);
[25/05/2023 13:09:42] [null] INSERT INTO historico VALUES (null, 1, 74, 61);
[25/05/2023 13:09:42] [null] INSERT INTO historico VALUES (null, 1, 74, 61);
[25/05/2023 13:11:16] [null] INSERT INTO facturas VALUES (null, '2022/02/02', 'd', null, '76');
[25/05/2023 13:11:21] [null] INSERT INTO historico VALUES (null, 1, 75, 45);
[25/05/2023 13:11:26] [null] INSERT INTO historico VALUES (null, 1, 75, 61);
[25/05/2023 13:16:42] [null] INSERT INTO facturas VALUES (null, '2000/02/02', 'efec', null, '76');
[25/05/2023 13:16:47] [null] INSERT INTO historico VALUES (null, 1, 76, 45);
[25/05/2023 13:16:51] [null] INSERT INTO historico VALUES (null, 1, 76, 61);
[25/05/2023 13:16:52] [null] INSERT INTO historico VALUES (null, 1, 76, 61);
[25/05/2023 13:42:12] [null] INSERT INTO facturas VALUES (null, '2022/02/22', 'd', null, '76');
[25/05/2023 13:42:16] [null] INSERT INTO historico VALUES (null, 1, 77, 45);
[25/05/2023 13:42:21] [null] INSERT INTO historico VALUES (null, 1, 77, 61);
[25/05/2023 13:48:12] [null] INSERT INTO facturas VALUES (null, '2022/01/21', 'se', null, '76');
[25/05/2023 13:48:19] [null] INSERT INTO historico VALUES (null, 1, 78, 45);
[25/05/2023 13:48:24] [null] INSERT INTO historico VALUES (null, 1, 78, 61);
[25/05/2023 13:48:25] [null] INSERT INTO historico VALUES (null, 1, 78, 61);
[25/05/2023 13:54:56] [null] INSERT INTO facturas VALUES (null, '2022/01/01', 'wew', null, '76');
[25/05/2023 13:55:01] [null] INSERT INTO historico VALUES (null, 1, 79, 45);
[25/05/2023 14:23:02] [admin] SELECT*FROM usuarios WHERE nombreUsuario = 'admin' AND claveUsuario = SHA2('admin',256);
[25/05/2023 14:25:19] [admin] SELECT*FROM usuarios WHERE nombreUsuario = 'admin' AND claveUsuario = SHA2('admin',256);
[25/05/2023 14:26:18] [admin] SELECT*FROM usuarios WHERE nombreUsuario = 'admin' AND claveUsuario = SHA2('admin',256);
[25/05/2023 14:26:20] [admin] SELECT idArticulo, descripcionArticulo, marcaArticulo, precioArticulo FROM articulos;
[25/05/2023 14:28:45] [null] SELECT idArticulo, descripcionArticulo, marcaArticulo, precioArticulo FROM articulos;
[25/05/2023 14:29:07] [null] SELECT idArticulo, descripcionArticulo, marcaArticulo, precioArticulo FROM articulos;
[25/05/2023 14:29:56] [null] SELECT idArticulo, descripcionArticulo, marcaArticulo, precioArticulo FROM articulos;
[25/05/2023 14:55:11] [null] INSERT INTO facturas VALUES (null, '2022/02/20', 'ef', null, '76');
[25/05/2023 14:55:15] [null] INSERT INTO historico VALUES (null, 1, 80, 45);
[25/05/2023 14:55:16] [null] INSERT INTO historico VALUES (null, 1, 80, 45);
[25/05/2023 14:57:33] [null] INSERT INTO facturas VALUES (null, '2022/03/03', 'e', null, '76');
[25/05/2023 14:57:38] [null] INSERT INTO historico VALUES (null, 1, 81, 45);
[25/05/2023 15:02:11] [null] INSERT INTO facturas VALUES (null, '2022/02/20', 'contado', null, '76');
[25/05/2023 15:02:15] [null] INSERT INTO historico VALUES (null, 1, 82, 45);
[25/05/2023 15:10:36] [null] INSERT INTO facturas VALUES (null, '2022/03/03', 'efe', null, '76');
[25/05/2023 15:10:39] [null] INSERT INTO historico VALUES (null, 1, 83, 45);
[25/05/2023 15:19:00] [null] INSERT INTO facturas VALUES (null, '2022/02/02', 'a', null, '76');
[25/05/2023 15:19:03] [null] INSERT INTO historico VALUES (null, 1, 84, 45);
[25/05/2023 15:19:08] [null] INSERT INTO historico VALUES (null, 1, 84, 61);
[25/05/2023 15:19:09] [null] INSERT INTO historico VALUES (null, 1, 84, 61);
[25/05/2023 15:23:42] [null] INSERT INTO facturas VALUES (null, '2022/02/02', 'f', null, '76');
[25/05/2023 15:23:48] [null] INSERT INTO historico VALUES (null, 1, 85, 45);
[25/05/2023 15:23:52] [null] INSERT INTO historico VALUES (null, 1, 85, 61);
[25/05/2023 15:32:30] [null] INSERT INTO facturas VALUES (null, '2022/02/02', 'f', null, '76');
[25/05/2023 15:32:34] [null] INSERT INTO historico VALUES (null, 1, 86, 45);
[25/05/2023 15:32:43] [null] INSERT INTO historico VALUES (null, 1, 86, 61);
[25/05/2023 15:34:49] [null] INSERT INTO facturas VALUES (null, '2022/20/20', 'f', null, '76');
[25/05/2023 15:34:56] [null] INSERT INTO facturas VALUES (null, '2022/02/20', 'f', null, '76');
[25/05/2023 15:35:01] [null] INSERT INTO historico VALUES (null, 1, 87, 45);
[25/05/2023 15:35:07] [null] INSERT INTO historico VALUES (null, 1, 87, 61);
[25/05/2023 15:43:33] [null] INSERT INTO facturas VALUES (null, '2022/02/02', 'd', null, '76');
[25/05/2023 15:43:37] [null] INSERT INTO historico VALUES (null, 1, 88, 45);
[25/05/2023 15:43:46] [null] INSERT INTO historico VALUES (null, 1, 88, 61);
[25/05/2023 15:44:30] [null] INSERT INTO facturas VALUES (null, '2022/02/02', 'e', null, '76');
[25/05/2023 15:44:34] [null] INSERT INTO historico VALUES (null, 1, 89, 45);
[25/05/2023 15:44:35] [null] INSERT INTO historico VALUES (null, 1, 89, 45);
[25/05/2023 15:44:36] [null] INSERT INTO historico VALUES (null, 1, 89, 45);
[25/05/2023 15:44:36] [null] INSERT INTO historico VALUES (null, 1, 89, 45);
[25/05/2023 15:44:36] [null] INSERT INTO historico VALUES (null, 1, 89, 45);
[25/05/2023 15:44:36] [null] INSERT INTO historico VALUES (null, 1, 89, 45);
[25/05/2023 15:44:37] [null] INSERT INTO historico VALUES (null, 1, 89, 45);
[25/05/2023 15:49:13] [null] INSERT INTO facturas VALUES (null, '2020/02/20', 'e', null, '76');
[25/05/2023 15:49:17] [null] INSERT INTO historico VALUES (null, 1, 90, 45);
[25/05/2023 15:49:23] [null] INSERT INTO historico VALUES (null, 1, 90, 61);
[25/05/2023 15:49:54] [null] INSERT INTO historico VALUES (null, 1, 90, 63);
[25/05/2023 15:49:59] [null] INSERT INTO historico VALUES (null, 2, 90, 45);
[25/05/2023 15:58:23] [null] INSERT INTO facturas VALUES (null, '2022/02/02', 'l', null, '76');
[25/05/2023 15:58:28] [null] INSERT INTO historico VALUES (null, 1, 91, 45);
[25/05/2023 15:58:34] [null] INSERT INTO historico VALUES (null, 2, 91, 61);
[25/05/2023 15:58:36] [null] INSERT INTO historico VALUES (null, 2, 91, 61);
[25/05/2023 15:58:36] [null] INSERT INTO historico VALUES (null, 2, 91, 61);
[25/05/2023 16:00:53] [null] SELECT idArticulo, descripcionArticulo, marcaArticulo, precioArticulo FROM articulos;
[25/05/2023 16:01:41] [null] SELECT idArticulo, descripcionArticulo, marcaArticulo, precioArticulo FROM articulos;
[25/05/2023 16:02:01] [null] SELECT idArticulo, descripcionArticulo, marcaArticulo, precioArticulo FROM articulos;
[25/05/2023 16:22:07] [null] SELECT idFactura, fechaFactura, formaPagoFactura, importeTotalFactura, nombreCliente FROM facturas INNER JOIN clientes ON facturas.idClienteFK = clientes.idCliente;
[25/05/2023 16:23:56] [null] SELECT idFactura, DATE_FORMAT(fechaFactura, '%d/%m/%Y') formaPagoFactura, importeTotalFactura, nombreCliente FROM facturas INNER JOIN clientes ON facturas.idClienteFK = clientes.idCliente;
[25/05/2023 16:24:09] [null] SELECT idFactura, DATE_FORMAT(fechaFactura, '%d/%m/%Y') formaPagoFactura, importeTotalFactura, nombreCliente FROM facturas INNER JOIN clientes ON facturas.idClienteFK = clientes.idCliente;
[25/05/2023 16:24:28] [null] SELECT idFactura, DATE_FORMAT(fechaFactura, '%d/%m/%Y'), formaPagoFactura, importeTotalFactura, nombreCliente FROM facturas INNER JOIN clientes ON facturas.idClienteFK = clientes.idCliente;
[25/05/2023 16:27:12] [null] SELECT idFactura, DATE_FORMAT(fechaFactura, '%d/%m/%Y') AS fechaFactura, formaPagoFactura, importeTotalFactura, nombreCliente FROM facturas INNER JOIN clientes ON facturas.idClienteFK = clientes.idCliente;
[25/05/2023 16:32:46] [admin] SELECT*FROM usuarios WHERE nombreUsuario = 'admin' AND claveUsuario = SHA2('admin',256);
[25/05/2023 16:33:14] [null] SELECT idFactura, DATE_FORMAT(fechaFactura, '%d/%m/%Y') AS fechaFactura, formaPagoFactura, importeTotalFactura, nombreCliente FROM facturas INNER JOIN clientes ON facturas.idClienteFK = clientes.idCliente;
[25/05/2023 16:33:48] [null] SELECT idFactura, DATE_FORMAT(fechaFactura, '%d/%m/%Y') AS fechaFactura, formaPagoFactura, importeTotalFactura, nombreCliente FROM facturas INNER JOIN clientes ON facturas.idClienteFK = clientes.idCliente;
[25/05/2023 16:34:59] [null] SELECT idFactura, DATE_FORMAT(fechaFactura, '%d/%m/%Y') AS fechaFactura, formaPagoFactura, importeTotalFactura, nombreCliente FROM facturas INNER JOIN clientes ON facturas.idClienteFK = clientes.idCliente;
[25/05/2023 16:35:38] [null] SELECT idFactura, DATE_FORMAT(fechaFactura, '%d/%m/%Y') AS fechaFactura, formaPagoFactura, importeTotalFactura, nombreCliente FROM facturas INNER JOIN clientes ON facturas.idClienteFK = clientes.idCliente;
[25/05/2023 16:36:28] [null] SELECT idFactura, DATE_FORMAT(fechaFactura, '%d/%m/%Y') AS fechaFactura, formaPagoFactura, importeTotalFactura, nombreCliente FROM facturas INNER JOIN clientes ON facturas.idClienteFK = clientes.idCliente;
[25/05/2023 16:37:06] [null] SELECT idFactura, DATE_FORMAT(fechaFactura, '%d/%m/%Y') AS fechaFactura, formaPagoFactura, importeTotalFactura, nombreCliente FROM facturas INNER JOIN clientes ON facturas.idClienteFK = clientes.idCliente;
[25/05/2023 16:37:35] [null] SELECT idFactura, DATE_FORMAT(fechaFactura, '%d/%m/%Y') AS fechaFactura, formaPagoFactura, importeTotalFactura, nombreCliente FROM facturas INNER JOIN clientes ON facturas.idClienteFK = clientes.idCliente;
[25/05/2023 16:38:05] [null] SELECT idFactura, DATE_FORMAT(fechaFactura, '%d/%m/%Y') AS fechaFactura, formaPagoFactura, importeTotalFactura, nombreCliente FROM facturas INNER JOIN clientes ON facturas.idClienteFK = clientes.idCliente;
[25/05/2023 16:38:21] [null] SELECT idFactura, DATE_FORMAT(fechaFactura, '%d/%m/%Y') AS fechaFactura, formaPagoFactura, importeTotalFactura, nombreCliente FROM facturas INNER JOIN clientes ON facturas.idClienteFK = clientes.idCliente;
[25/05/2023 16:38:42] [null] SELECT idFactura, DATE_FORMAT(fechaFactura, '%d/%m/%Y') AS fechaFactura, formaPagoFactura, importeTotalFactura, nombreCliente FROM facturas INNER JOIN clientes ON facturas.idClienteFK = clientes.idCliente;
[25/05/2023 16:39:31] [null] SELECT idFactura, DATE_FORMAT(fechaFactura, '%d/%m/%Y') AS fechaFactura, formaPagoFactura, importeTotalFactura, nombreCliente FROM facturas INNER JOIN clientes ON facturas.idClienteFK = clientes.idCliente;
[25/05/2023 16:39:58] [null] SELECT idFactura, DATE_FORMAT(fechaFactura, '%d/%m/%Y') AS fechaFactura, formaPagoFactura, importeTotalFactura, nombreCliente FROM facturas INNER JOIN clientes ON facturas.idClienteFK = clientes.idCliente;
[25/05/2023 16:40:37] [null] SELECT idFactura, DATE_FORMAT(fechaFactura, '%d/%m/%Y') AS fechaFactura, formaPagoFactura, importeTotalFactura, nombreCliente FROM facturas INNER JOIN clientes ON facturas.idClienteFK = clientes.idCliente;
[25/05/2023 16:41:51] [null] SELECT idFactura, DATE_FORMAT(fechaFactura, '%d/%m/%Y') AS fechaFactura, formaPagoFactura, importeTotalFactura, nombreCliente FROM facturas INNER JOIN clientes ON facturas.idClienteFK = clientes.idCliente;
[25/05/2023 16:42:04] [null] SELECT idFactura, DATE_FORMAT(fechaFactura, '%d/%m/%Y') AS fechaFactura, formaPagoFactura, importeTotalFactura, nombreCliente FROM facturas INNER JOIN clientes ON facturas.idClienteFK = clientes.idCliente;
[25/05/2023 16:42:41] [null] SELECT idFactura, DATE_FORMAT(fechaFactura, '%d/%m/%Y') AS fechaFactura, formaPagoFactura, importeTotalFactura, nombreCliente FROM facturas INNER JOIN clientes ON facturas.idClienteFK = clientes.idCliente;
[25/05/2023 16:43:03] [null] SELECT idFactura, DATE_FORMAT(fechaFactura, '%d/%m/%Y') AS fechaFactura, formaPagoFactura, importeTotalFactura, nombreCliente FROM facturas INNER JOIN clientes ON facturas.idClienteFK = clientes.idCliente;
[25/05/2023 16:44:14] [null] SELECT idFactura, DATE_FORMAT(fechaFactura, '%d/%m/%Y') AS fechaFactura, formaPagoFactura, importeTotalFactura, nombreCliente FROM facturas INNER JOIN clientes ON facturas.idClienteFK = clientes.idCliente;
[25/05/2023 16:44:31] [null] SELECT idFactura, DATE_FORMAT(fechaFactura, '%d/%m/%Y') AS fechaFactura, formaPagoFactura, importeTotalFactura, nombreCliente FROM facturas INNER JOIN clientes ON facturas.idClienteFK = clientes.idCliente;
[25/05/2023 16:44:49] [null] SELECT idFactura, DATE_FORMAT(fechaFactura, '%d/%m/%Y') AS fechaFactura, formaPagoFactura, importeTotalFactura, nombreCliente FROM facturas INNER JOIN clientes ON facturas.idClienteFK = clientes.idCliente;
[25/05/2023 16:45:06] [null] SELECT idFactura, DATE_FORMAT(fechaFactura, '%d/%m/%Y') AS fechaFactura, formaPagoFactura, importeTotalFactura, nombreCliente FROM facturas INNER JOIN clientes ON facturas.idClienteFK = clientes.idCliente;
[25/05/2023 16:50:19] [null] SELECT idFactura, DATE_FORMAT(fechaFactura, '%d/%m/%Y') AS fechaFactura, formaPagoFactura, importeTotalFactura, nombreCliente FROM facturas INNER JOIN clientes ON facturas.idClienteFK = clientes.idCliente;
[25/05/2023 16:51:56] [null] SELECT idFactura, DATE_FORMAT(fechaFactura, '%d/%m/%Y') AS fechaFactura, formaPagoFactura, importeTotalFactura, nombreCliente FROM facturas INNER JOIN clientes ON facturas.idClienteFK = clientes.idCliente;
[25/05/2023 16:55:31] [null] SELECT idFactura, DATE_FORMAT(fechaFactura, '%d/%m/%Y') AS fechaFactura, formaPagoFactura, importeTotalFactura, nombreCliente FROM facturas INNER JOIN clientes ON facturas.idClienteFK = clientes.idCliente;
[25/05/2023 16:58:25] [null] SELECT idFactura, DATE_FORMAT(fechaFactura, '%d/%m/%Y') AS fechaFactura, formaPagoFactura, importeTotalFactura, nombreCliente FROM facturas INNER JOIN clientes ON facturas.idClienteFK = clientes.idCliente;
[25/05/2023 17:02:51] [null] SELECT idFactura, DATE_FORMAT(fechaFactura, '%d/%m/%Y') AS fechaFactura, formaPagoFactura, importeTotalFactura, nombreCliente FROM facturas INNER JOIN clientes ON facturas.idClienteFK = clientes.idCliente;
[25/05/2023 17:07:03] [null] SELECT idFactura, DATE_FORMAT(fechaFactura, '%d/%m/%Y') AS fechaFactura, formaPagoFactura, importeTotalFactura, nombreCliente FROM facturas INNER JOIN clientes ON facturas.idClienteFK = clientes.idCliente;
[25/05/2023 17:16:27] [admin] SELECT*FROM usuarios WHERE nombreUsuario = 'admin' AND claveUsuario = SHA2('admin',256);
[25/05/2023 17:16:29] [admin] SELECT idFactura, DATE_FORMAT(fechaFactura, '%d/%m/%Y') AS fechaFactura, formaPagoFactura, importeTotalFactura, nombreCliente FROM facturas INNER JOIN clientes ON facturas.idClienteFK = clientes.idCliente;
[25/05/2023 17:18:07] [admin] SELECT*FROM usuarios WHERE nombreUsuario = 'admin' AND claveUsuario = SHA2('admin',256);
[25/05/2023 17:18:09] [admin] SELECT idArticulo, descripcionArticulo, marcaArticulo, precioArticulo FROM articulos;
[25/05/2023 17:18:17] [admin] SELECT idCliente, nombreCliente, dniCliente, telefonoCliente FROM clientes;
[25/05/2023 17:18:24] [admin] SELECT idFactura, DATE_FORMAT(fechaFactura, '%d/%m/%Y') AS fechaFactura, formaPagoFactura, importeTotalFactura, nombreCliente FROM facturas INNER JOIN clientes ON facturas.idClienteFK = clientes.idCliente;
[25/05/2023 17:23:28] [admin] SELECT*FROM usuarios WHERE nombreUsuario = 'admin' AND claveUsuario = SHA2('admin',256);
[25/05/2023 17:23:30] [admin] SELECT idFactura, DATE_FORMAT(fechaFactura, '%d/%m/%Y') AS fechaFactura, formaPagoFactura, importeTotalFactura, nombreCliente FROM facturas INNER JOIN clientes ON facturas.idClienteFK = clientes.idCliente;
[25/05/2023 17:31:27] [admin] SELECT*FROM usuarios WHERE nombreUsuario = 'admin' AND claveUsuario = SHA2('admin',256);
[25/05/2023 17:31:29] [admin] SELECT idFactura, DATE_FORMAT(fechaFactura, '%d/%m/%Y') AS fechaFactura, formaPagoFactura, importeTotalFactura, nombreCliente FROM facturas INNER JOIN clientes ON facturas.idClienteFK = clientes.idCliente;
[25/05/2023 17:39:04] [admins] SELECT*FROM usuarios WHERE nombreUsuario = 'admins' AND claveUsuario = SHA2('admin',256);
[25/05/2023 17:39:09] [admin] SELECT*FROM usuarios WHERE nombreUsuario = 'admin' AND claveUsuario = SHA2('admin',256);
[25/05/2023 17:39:11] [admin] SELECT idFactura, DATE_FORMAT(fechaFactura, '%d/%m/%Y') AS fechaFactura, formaPagoFactura, importeTotalFactura, nombreCliente FROM facturas INNER JOIN clientes ON facturas.idClienteFK = clientes.idCliente;
[25/05/2023 17:49:39] [admin] SELECT*FROM usuarios WHERE nombreUsuario = 'admin' AND claveUsuario = SHA2('admin',256);
[25/05/2023 17:49:41] [admin] SELECT idFactura, DATE_FORMAT(fechaFactura, '%d/%m/%Y') AS fechaFactura, formaPagoFactura, importeTotalFactura, nombreCliente FROM facturas INNER JOIN clientes ON facturas.idClienteFK = clientes.idCliente;
[25/05/2023 17:51:12] [admin] SELECT*FROM usuarios WHERE nombreUsuario = 'admin' AND claveUsuario = SHA2('admin',256);
[25/05/2023 17:51:14] [admin] SELECT idFactura, DATE_FORMAT(fechaFactura, '%d/%m/%Y') AS fechaFactura, formaPagoFactura, importeTotalFactura, nombreCliente FROM facturas INNER JOIN clientes ON facturas.idClienteFK = clientes.idCliente;
[25/05/2023 17:51:30] [admin] SELECT idArticulo, descripcionArticulo, marcaArticulo, precioArticulo FROM articulos;
[25/05/2023 17:51:37] [admin] SELECT idCliente, nombreCliente, dniCliente, telefonoCliente FROM clientes;
[25/05/2023 17:51:41] [admin] SELECT idFactura, DATE_FORMAT(fechaFactura, '%d/%m/%Y') AS fechaFactura, formaPagoFactura, importeTotalFactura, nombreCliente FROM facturas INNER JOIN clientes ON facturas.idClienteFK = clientes.idCliente;
[25/05/2023 17:51:48] [admin] SELECT idArticulo, descripcionArticulo, marcaArticulo, precioArticulo FROM articulos;
[25/05/2023 19:18:18] [admin] SELECT*FROM usuarios WHERE nombreUsuario = 'admin' AND claveUsuario = SHA2('admin',256);
[25/05/2023 19:18:20] [admin] SELECT idFactura, DATE_FORMAT(fechaFactura, '%d/%m/%Y') AS fechaFactura, formaPagoFactura, importeTotalFactura, nombreCliente FROM facturas INNER JOIN clientes ON facturas.idClienteFK = clientes.idCliente;
[25/05/2023 19:33:23] [admin] SELECT*FROM usuarios WHERE nombreUsuario = 'admin' AND claveUsuario = SHA2('admin',256);
[25/05/2023 19:35:06] [admin] SELECT*FROM usuarios WHERE nombreUsuario = 'admin' AND claveUsuario = SHA2('admin',256);
[25/05/2023 19:59:45] [null] INSERT INTO facturas VALUES (null, '2020/01/02', 'efectivo', null, '76');
[25/05/2023 20:05:30] [null] INSERT INTO facturas VALUES (null, '2020/01/01', 'con', null, '104');
[25/05/2023 20:09:40] [null] INSERT INTO facturas VALUES (null, '2020/02/01', 'contado', null, '76');
[25/05/2023 20:28:46] [null] INSERT INTO facturas VALUES (null, '2021/02/01', 'contado', null, '76');
[25/05/2023 20:51:38] [null] INSERT INTO facturas VALUES (null, '2022/03/03', 'contado', null, '76');
[25/05/2023 20:52:00] [null] UPDATE facturas SET importeTotalFactura ='75.9' WHERE idFactura=96;
[25/05/2023 20:57:08] [admin] SELECT*FROM usuarios WHERE nombreUsuario = 'admin' AND claveUsuario = SHA2('admin',256);
[25/05/2023 20:57:12] [admin] SELECT idFactura, DATE_FORMAT(fechaFactura, '%d/%m/%Y') AS fechaFactura, formaPagoFactura, importeTotalFactura, nombreCliente FROM facturas INNER JOIN clientes ON facturas.idClienteFK = clientes.idCliente;
[25/05/2023 20:57:53] [admin] SELECT*FROM usuarios WHERE nombreUsuario = 'admin' AND claveUsuario = SHA2('admin',256);
[25/05/2023 20:57:56] [admin] SELECT idFactura, DATE_FORMAT(fechaFactura, '%d/%m/%Y') AS fechaFactura, formaPagoFactura, importeTotalFactura, nombreCliente FROM facturas INNER JOIN clientes ON facturas.idClienteFK = clientes.idCliente;
[25/05/2023 21:02:54] [admin] SELECT*FROM usuarios WHERE nombreUsuario = 'admin' AND claveUsuario = SHA2('admin',256);
[26/05/2023 16:25:20] [admin] SELECT*FROM usuarios WHERE nombreUsuario = 'admin' AND claveUsuario = SHA2('admin',256);
[26/05/2023 16:34:50] [admin] SELECT*FROM usuarios WHERE nombreUsuario = 'admin' AND claveUsuario = SHA2('admin',256);
[26/05/2023 16:37:09] [admin] INSERT INTO facturas VALUES (null, '2021/02/02', 'saf', null, '76');
[26/05/2023 16:40:47] [admin] SELECT*FROM usuarios WHERE nombreUsuario = 'admin' AND claveUsuario = SHA2('admin',256);
[26/05/2023 16:41:01] [admin] INSERT INTO facturas VALUES (null, '2023/01/01', 'dfsf', null, '76');
[26/05/2023 16:55:06] [admin] SELECT*FROM usuarios WHERE nombreUsuario = 'admin' AND claveUsuario = SHA2('admin',256);
[26/05/2023 16:55:23] [admin] INSERT INTO facturas VALUES (null, '2022/01/01', 'e', null, '76');
[26/05/2023 16:56:57] [admin] SELECT*FROM usuarios WHERE nombreUsuario = 'admin' AND claveUsuario = SHA2('admin',256);
[26/05/2023 16:57:05] [admin] INSERT INTO facturas VALUES (null, '2022/01/01', 'd', null, '76');
[26/05/2023 16:58:03] [admin] SELECT*FROM usuarios WHERE nombreUsuario = 'admin' AND claveUsuario = SHA2('admin',256);
[26/05/2023 16:58:13] [admin] INSERT INTO facturas VALUES (null, '2022/01/01', 'f', null, '76');
[26/05/2023 17:00:51] [admin] SELECT*FROM usuarios WHERE nombreUsuario = 'admin' AND claveUsuario = SHA2('admin',256);
[26/05/2023 17:01:02] [admin] INSERT INTO facturas VALUES (null, '2022/01/01', 'd', null, '76');
[26/05/2023 17:02:12] [admin] SELECT*FROM usuarios WHERE nombreUsuario = 'admin' AND claveUsuario = SHA2('admin',256);
[26/05/2023 17:02:19] [admin] INSERT INTO facturas VALUES (null, '2022/01/01', 'd', null, '104');
[26/05/2023 17:03:55] [admin] SELECT*FROM usuarios WHERE nombreUsuario = 'admin' AND claveUsuario = SHA2('admin',256);
[26/05/2023 17:04:02] [admin] INSERT INTO facturas VALUES (null, '2022/01/01', 'fdsa', null, '104');
[26/05/2023 17:05:54] [admin] SELECT*FROM usuarios WHERE nombreUsuario = 'admin' AND claveUsuario = SHA2('admin',256);
[26/05/2023 17:06:01] [admin] INSERT INTO facturas VALUES (null, '2022/01/01', 'sgarg', null, '104');
[26/05/2023 17:06:31] [admin] SELECT*FROM usuarios WHERE nombreUsuario = 'admin' AND claveUsuario = SHA2('admin',256);
[26/05/2023 17:06:38] [admin] INSERT INTO facturas VALUES (null, '2022/01/01', 'sadf', null, '76');
[26/05/2023 17:07:22] [admin] SELECT*FROM usuarios WHERE nombreUsuario = 'admin' AND claveUsuario = SHA2('admin',256);
[26/05/2023 17:07:28] [admin] INSERT INTO facturas VALUES (null, '2022/01/01', 'adsfd', null, '104');
[26/05/2023 17:10:17] [admin] SELECT*FROM usuarios WHERE nombreUsuario = 'admin' AND claveUsuario = SHA2('admin',256);
[26/05/2023 17:10:54] [admin] INSERT INTO facturas VALUES (null, '2022/03/03', 'fs<f', null, '104');
[26/05/2023 17:12:58] [admin] SELECT*FROM usuarios WHERE nombreUsuario = 'admin' AND claveUsuario = SHA2('admin',256);
[26/05/2023 17:13:06] [admin] INSERT INTO facturas VALUES (null, '2022/03/03', 'sadfa', null, '104');
[26/05/2023 17:13:50] [admin] SELECT*FROM usuarios WHERE nombreUsuario = 'admin' AND claveUsuario = SHA2('admin',256);
[26/05/2023 17:14:14] [admin] INSERT INTO facturas VALUES (null, '2022/01/01', 'aggdsg', null, '104');
[26/05/2023 17:14:48] [admin] SELECT*FROM usuarios WHERE nombreUsuario = 'admin' AND claveUsuario = SHA2('admin',256);
[26/05/2023 17:15:02] [admin] INSERT INTO facturas VALUES (null, '2022/06/06', 'sdd', null, '104');
[26/05/2023 17:23:39] [admin] UPDATE facturas SET importeTotalFactura ='775.9' WHERE idFactura=111;
[26/05/2023 17:28:02] [admin] SELECT*FROM usuarios WHERE nombreUsuario = 'admin' AND claveUsuario = SHA2('admin',256);
[26/05/2023 17:28:15] [admin] INSERT INTO facturas VALUES (null, '2022/03/03', 'contado', null, '104');
[26/05/2023 17:28:25] [admin] UPDATE facturas SET importeTotalFactura ='75.9' WHERE idFactura=112;
[26/05/2023 17:36:31] [admin] SELECT idFactura, DATE_FORMAT(fechaFactura, '%d/%m/%Y') AS fechaFactura, formaPagoFactura, importeTotalFactura, nombreCliente FROM facturas INNER JOIN clientes ON facturas.idClienteFK = clientes.idCliente;
[26/05/2023 17:59:38] [admin] SELECT*FROM usuarios WHERE nombreUsuario = 'admin' AND claveUsuario = SHA2('admin',256);
[26/05/2023 17:59:59] [admin] INSERT INTO facturas VALUES (null, '2023/05/15', 'contado', null, '76');
[26/05/2023 18:00:10] [admin] UPDATE facturas SET importeTotalFactura ='151.8' WHERE idFactura=113;
[26/05/2023 18:00:35] [admin] INSERT INTO facturas VALUES (null, '2023/05/24', 'tarjeta', null, '104');
[26/05/2023 18:00:50] [admin] UPDATE facturas SET importeTotalFactura ='760.0' WHERE idFactura=114;
[26/05/2023 18:00:53] [admin] SELECT idFactura, DATE_FORMAT(fechaFactura, '%d/%m/%Y') AS fechaFactura, formaPagoFactura, importeTotalFactura, nombreCliente FROM facturas INNER JOIN clientes ON facturas.idClienteFK = clientes.idCliente;
[26/05/2023 18:05:31] [admin] SELECT*FROM usuarios WHERE nombreUsuario = 'admin' AND claveUsuario = SHA2('admin',256);
[26/05/2023 18:05:33] [admin] SELECT idFactura, DATE_FORMAT(fechaFactura, '%d/%m/%Y') AS fechaFactura, formaPagoFactura, importeTotalFactura, nombreCliente FROM facturas INNER JOIN clientes ON facturas.idClienteFK = clientes.idCliente;
[26/05/2023 18:07:54] [admin] SELECT*FROM usuarios WHERE nombreUsuario = 'admin' AND claveUsuario = SHA2('admin',256);
[26/05/2023 18:07:56] [admin] SELECT idFactura, DATE_FORMAT(fechaFactura, '%d/%m/%Y') AS fechaFactura, formaPagoFactura, importeTotalFactura, nombreCliente FROM facturas INNER JOIN clientes ON facturas.idClienteFK = clientes.idCliente;
[27/05/2023 12:54:10] [admin] SELECT*FROM usuarios WHERE nombreUsuario = 'admin' AND claveUsuario = SHA2('admin',256);
[27/05/2023 13:11:09] [admin] SELECT*FROM usuarios WHERE nombreUsuario = 'admin' AND claveUsuario = SHA2('admin',256);
[27/05/2023 13:17:08] [admin] SELECT*FROM usuarios WHERE nombreUsuario = 'admin' AND claveUsuario = SHA2('admin',256);
[27/05/2023 13:22:38] [admin] SELECT*FROM usuarios WHERE nombreUsuario = 'admin' AND claveUsuario = SHA2('admin',256);
[27/05/2023 13:27:25] [admin] SELECT*FROM usuarios WHERE nombreUsuario = 'admin' AND claveUsuario = SHA2('admin',256);
[27/05/2023 13:28:11] [admin] SELECT*FROM usuarios WHERE nombreUsuario = 'admin' AND claveUsuario = SHA2('admin',256);
[27/05/2023 13:30:40] [admin] SELECT*FROM usuarios WHERE nombreUsuario = 'admin' AND claveUsuario = SHA2('admin',256);
[27/05/2023 13:32:01] [admin] SELECT*FROM usuarios WHERE nombreUsuario = 'admin' AND claveUsuario = SHA2('admin',256);
[27/05/2023 13:35:39] [admin] SELECT*FROM usuarios WHERE nombreUsuario = 'admin' AND claveUsuario = SHA2('admin',256);
